{"total": {"lines":{"total":2364,"covered":836,"skipped":0,"pct":35.36},"statements":{"total":2364,"covered":836,"skipped":0,"pct":35.36},"functions":{"total":91,"covered":61,"skipped":0,"pct":67.03},"branches":{"total":466,"covered":379,"skipped":0,"pct":81.33},"branchesTrue":{"total":0,"covered":0,"skipped":0,"pct":100}}
,"C:\\Users\\huumanh\\Downloads\\neurobics\\Neurobics Dashboard Design (10)\\src\\app\\lib\\axes.ts": {"lines":{"total":21,"covered":0,"skipped":0,"pct":0},"functions":{"total":1,"covered":0,"skipped":0,"pct":0},"statements":{"total":21,"covered":0,"skipped":0,"pct":0},"branches":{"total":1,"covered":0,"skipped":0,"pct":0}}
,"C:\\Users\\huumanh\\Downloads\\neurobics\\Neurobics Dashboard Design (10)\\src\\app\\lib\\game-registry.ts": {"lines":{"total":183,"covered":0,"skipped":0,"pct":0},"functions":{"total":1,"covered":0,"skipped":0,"pct":0},"statements":{"total":183,"covered":0,"skipped":0,"pct":0},"branches":{"total":1,"covered":0,"skipped":0,"pct":0}}
,"C:\\Users\\huumanh\\Downloads\\neurobics\\Neurobics Dashboard Design (10)\\src\\app\\lib\\observability.ts": {"lines":{"total":307,"covered":176,"skipped":0,"pct":57.32},"functions":{"total":22,"covered":11,"skipped":0,"pct":50},"statements":{"total":307,"covered":176,"skipped":0,"pct":57.32},"branches":{"total":68,"covered":56,"skipped":0,"pct":82.35}}
,"C:\\Users\\huumanh\\Downloads\\neurobics\\Neurobics Dashboard Design (10)\\src\\app\\lib\\scoring.ts": {"lines":{"total":137,"covered":119,"skipped":0,"pct":86.86},"functions":{"total":14,"covered":10,"skipped":0,"pct":71.42},"statements":{"total":137,"covered":119,"skipped":0,"pct":86.86},"branches":{"total":43,"covered":40,"skipped":0,"pct":93.02}}
,"C:\\Users\\huumanh\\Downloads\\neurobics\\Neurobics Dashboard Design (10)\\src\\app\\lib\\xp.ts": {"lines":{"total":47,"covered":47,"skipped":0,"pct":100},"functions":{"total":6,"covered":6,"skipped":0,"pct":100},"statements":{"total":47,"covered":47,"skipped":0,"pct":100},"branches":{"total":25,"covered":24,"skipped":0,"pct":96}}
,"C:\\Users\\huumanh\\Downloads\\neurobics\\Neurobics Dashboard Design (10)\\supabase\\functions\\_shared\\anticheat.ts": {"lines":{"total":326,"covered":198,"skipped":0,"pct":60.73},"functions":{"total":21,"covered":21,"skipped":0,"pct":100},"statements":{"total":326,"covered":198,"skipped":0,"pct":60.73},"branches":{"total":137,"covered":84,"skipped":0,"pct":61.31}}
,"C:\\Users\\huumanh\\Downloads\\neurobics\\Neurobics Dashboard Design (10)\\supabase\\functions\\_shared\\observability.ts": {"lines":{"total":256,"covered":146,"skipped":0,"pct":57.03},"functions":{"total":18,"covered":9,"skipped":0,"pct":50},"statements":{"total":256,"covered":146,"skipped":0,"pct":57.03},"branches":{"total":58,"covered":54,"skipped":0,"pct":93.1}}
,"C:\\Users\\huumanh\\Downloads\\neurobics\\Neurobics Dashboard Design (10)\\supabase\\functions\\_shared\\round-scoring.ts": {"lines":{"total":63,"covered":0,"skipped":0,"pct":0},"functions":{"total":1,"covered":0,"skipped":0,"pct":0},"statements":{"total":63,"covered":0,"skipped":0,"pct":0},"branches":{"total":1,"covered":0,"skipped":0,"pct":0}}
,"C:\\Users\\huumanh\\Downloads\\neurobics\\Neurobics Dashboard Design (10)\\supabase\\functions\\_shared\\scoring\\advanced-games.ts": {"lines":{"total":300,"covered":0,"skipped":0,"pct":0},"functions":{"total":1,"covered":0,"skipped":0,"pct":0},"statements":{"total":300,"covered":0,"skipped":0,"pct":0},"branches":{"total":1,"covered":0,"skipped":0,"pct":0}}
,"C:\\Users\\huumanh\\Downloads\\neurobics\\Neurobics Dashboard Design (10)\\supabase\\functions\\_shared\\scoring\\core.ts": {"lines":{"total":204,"covered":0,"skipped":0,"pct":0},"functions":{"total":1,"covered":0,"skipped":0,"pct":0},"statements":{"total":204,"covered":0,"skipped":0,"pct":0},"branches":{"total":1,"covered":0,"skipped":0,"pct":0}}
,"C:\\Users\\huumanh\\Downloads\\neurobics\\Neurobics Dashboard Design (10)\\supabase\\functions\\_shared\\scoring\\standard-games.ts": {"lines":{"total":370,"covered":0,"skipped":0,"pct":0},"functions":{"total":1,"covered":0,"skipped":0,"pct":0},"statements":{"total":370,"covered":0,"skipped":0,"pct":0},"branches":{"total":1,"covered":0,"skipped":0,"pct":0}}
,"C:\\Users\\huumanh\\Downloads\\neurobics\\Neurobics Dashboard Design (10)\\supabase\\functions\\_shared\\scoring\\validation.ts": {"lines":{"total":150,"covered":150,"skipped":0,"pct":100},"functions":{"total":4,"covered":4,"skipped":0,"pct":100},"statements":{"total":150,"covered":150,"skipped":0,"pct":100},"branches":{"total":129,"covered":121,"skipped":0,"pct":93.79}}
}
