TN:
SF:src\app\lib\axes.ts
FN:1,(empty-report)
FNF:1
FNH:0
FNDA:0,(empty-report)
DA:1,0
DA:2,0
DA:3,0
DA:4,0
DA:5,0
DA:6,0
DA:7,0
DA:8,0
DA:9,0
DA:10,0
DA:11,0
DA:12,0
DA:13,0
DA:14,0
DA:15,0
DA:16,0
DA:17,0
DA:18,0
DA:19,0
DA:20,0
DA:21,0
LF:21
LH:0
BRDA:1,0,0,0
BRF:1
BRH:0
end_of_record
TN:
SF:src\app\lib\game-registry.ts
FN:1,(empty-report)
FNF:1
FNH:0
FNDA:0,(empty-report)
DA:1,0
DA:2,0
DA:3,0
DA:4,0
DA:5,0
DA:6,0
DA:7,0
DA:8,0
DA:9,0
DA:10,0
DA:11,0
DA:12,0
DA:13,0
DA:14,0
DA:15,0
DA:16,0
DA:17,0
DA:18,0
DA:19,0
DA:20,0
DA:21,0
DA:22,0
DA:23,0
DA:24,0
DA:25,0
DA:26,0
DA:27,0
DA:28,0
DA:29,0
DA:30,0
DA:31,0
DA:32,0
DA:33,0
DA:34,0
DA:35,0
DA:36,0
DA:37,0
DA:38,0
DA:39,0
DA:40,0
DA:41,0
DA:42,0
DA:43,0
DA:44,0
DA:45,0
DA:46,0
DA:47,0
DA:48,0
DA:49,0
DA:50,0
DA:51,0
DA:52,0
DA:53,0
DA:54,0
DA:55,0
DA:56,0
DA:57,0
DA:58,0
DA:59,0
DA:60,0
DA:61,0
DA:62,0
DA:63,0
DA:64,0
DA:65,0
DA:66,0
DA:67,0
DA:68,0
DA:69,0
DA:70,0
DA:71,0
DA:72,0
DA:73,0
DA:74,0
DA:75,0
DA:76,0
DA:77,0
DA:78,0
DA:79,0
DA:80,0
DA:81,0
DA:82,0
DA:83,0
DA:84,0
DA:85,0
DA:86,0
DA:87,0
DA:88,0
DA:89,0
DA:90,0
DA:91,0
DA:92,0
DA:93,0
DA:94,0
DA:95,0
DA:96,0
DA:97,0
DA:98,0
DA:99,0
DA:100,0
DA:101,0
DA:102,0
DA:103,0
DA:104,0
DA:105,0
DA:106,0
DA:107,0
DA:108,0
DA:109,0
DA:110,0
DA:111,0
DA:112,0
DA:113,0
DA:114,0
DA:115,0
DA:116,0
DA:117,0
DA:118,0
DA:119,0
DA:120,0
DA:121,0
DA:122,0
DA:123,0
DA:124,0
DA:125,0
DA:126,0
DA:127,0
DA:128,0
DA:129,0
DA:130,0
DA:131,0
DA:132,0
DA:133,0
DA:134,0
DA:135,0
DA:136,0
DA:137,0
DA:138,0
DA:139,0
DA:140,0
DA:141,0
DA:142,0
DA:143,0
DA:144,0
DA:145,0
DA:146,0
DA:147,0
DA:148,0
DA:149,0
DA:150,0
DA:151,0
DA:152,0
DA:153,0
DA:154,0
DA:155,0
DA:156,0
DA:157,0
DA:158,0
DA:159,0
DA:160,0
DA:161,0
DA:162,0
DA:163,0
DA:164,0
DA:165,0
DA:166,0
DA:167,0
DA:168,0
DA:169,0
DA:170,0
DA:171,0
DA:172,0
DA:173,0
DA:174,0
DA:175,0
DA:176,0
DA:177,0
DA:178,0
DA:179,0
DA:180,0
DA:181,0
DA:182,0
DA:183,0
LF:183
LH:0
BRDA:1,0,0,0
BRF:1
BRH:0
end_of_record
TN:
SF:src\app\lib\observability.ts
FN:81,scrubText
FN:100,normalizeForFingerprint
FN:109,fingerprintOf
FN:118,scrubContext
FN:164,createCollector
FN:169,now
FN:180,isNoisy
FN:182,capture
FN:237,captureError2
FN:254,flush
FN:268,setUser
FN:272,pending
FN:282,readSessionId
FN:297,httpTransport
FN:321,lazyCollector
FN:334,initObservability
FN:372,captureError
FN:376,captureMessage
FN:393,captureEvent
FN:398,trackTiming
FN:425,setObservabilityUser
FN:429,flushObservability
FNF:22
FNH:11
FNDA:250,scrubText
FNDA:128,normalizeForFingerprint
FNDA:130,fingerprintOf
FNDA:30,scrubContext
FNDA:7,createCollector
FNDA:0,now
FNDA:128,isNoisy
FNDA:128,capture
FNDA:1,captureError2
FNDA:7,flush
FNDA:1,setUser
FNDA:6,pending
FNDA:0,readSessionId
FNDA:0,httpTransport
FNDA:0,lazyCollector
FNDA:0,initObservability
FNDA:0,captureError
FNDA:0,captureMessage
FNDA:0,captureEvent
FNDA:0,trackTiming
FNDA:0,setObservabilityUser
FNDA:0,flushObservability
DA:15,1
DA:16,1
DA:32,1
DA:33,0
DA:61,1
DA:62,1
DA:63,1
DA:64,1
DA:66,1
DA:67,1
DA:68,1
DA:69,1
DA:70,1
DA:71,1
DA:72,1
DA:73,1
DA:74,1
DA:75,1
DA:76,1
DA:77,1
DA:78,1
DA:81,1
DA:82,250
DA:83,250
DA:84,4
DA:85,3
DA:86,1
DA:87,1
DA:88,1
DA:89,1
DA:90,0
DA:91,0
DA:92,1
DA:93,250
DA:94,250
DA:95,250
DA:96,250
DA:97,250
DA:100,1
DA:101,128
DA:102,128
DA:103,128
DA:104,128
DA:105,128
DA:106,128
DA:109,1
DA:110,130
DA:111,130
DA:112,130
DA:113,130
DA:114,130
DA:115,130
DA:118,1
DA:119,30
DA:120,3
DA:121,3
DA:122,30
DA:123,12
DA:124,11
DA:125,12
DA:126,1
DA:127,1
DA:128,12
DA:129,1
DA:130,1
DA:131,10
DA:132,9
DA:133,9
DA:134,9
DA:135,9
DA:136,12
DA:137,3
DA:138,3
DA:164,1
DA:165,7
DA:166,7
DA:167,7
DA:168,7
DA:169,7
DA:170,7
DA:171,7
DA:172,7
DA:173,7
DA:174,7
DA:176,7
DA:177,7
DA:178,7
DA:180,7
DA:182,7
DA:183,128
DA:184,128
DA:185,128
DA:187,128
DA:188,128
DA:189,128
DA:190,128
DA:191,128
DA:192,128
DA:193,128
DA:194,128
DA:195,128
DA:197,128
DA:198,128
DA:199,128
DA:200,128
DA:201,99
DA:202,99
DA:203,99
DA:204,27
DA:206,27
DA:207,27
DA:208,27
DA:209,27
DA:210,27
DA:211,128
DA:212,128
DA:213,128
DA:214,0
DA:215,0
DA:216,27
DA:217,128
DA:218,128
DA:219,0
DA:220,0
DA:221,27
DA:222,128
DA:223,128
DA:224,128
DA:225,128
DA:226,128
DA:227,128
DA:228,128
DA:229,128
DA:231,128
DA:232,128
DA:234,0
DA:235,128
DA:237,7
DA:238,1
DA:239,1
DA:240,1
DA:241,0
DA:242,1
DA:243,1
DA:244,1
DA:245,1
DA:246,1
DA:247,1
DA:248,1
DA:249,1
DA:250,1
DA:251,1
DA:252,1
DA:254,7
DA:255,7
DA:256,6
DA:257,6
DA:258,6
DA:259,6
DA:260,7
DA:262,1
DA:263,7
DA:265,7
DA:266,7
DA:267,7
DA:268,7
DA:269,1
DA:270,1
DA:271,7
DA:272,7
DA:273,7
DA:274,7
DA:278,1
DA:279,1
DA:280,1
DA:282,0
DA:283,0
DA:284,0
DA:285,0
DA:286,0
DA:287,0
DA:288,0
DA:289,0
DA:290,0
DA:291,0
DA:292,0
DA:293,0
DA:294,0
DA:295,0
DA:297,0
DA:298,0
DA:299,0
DA:300,0
DA:301,0
DA:302,0
DA:303,0
DA:304,0
DA:305,0
DA:306,0
DA:307,0
DA:308,0
DA:309,0
DA:310,0
DA:312,0
DA:313,0
DA:315,1
DA:316,1
DA:318,1
DA:319,1
DA:321,0
DA:322,0
DA:323,0
DA:324,0
DA:325,0
DA:326,0
DA:327,0
DA:328,0
DA:329,0
DA:330,0
DA:331,0
DA:334,1
DA:335,0
DA:336,0
DA:337,0
DA:338,0
DA:340,0
DA:341,0
DA:342,0
DA:343,0
DA:344,0
DA:345,0
DA:346,0
DA:348,0
DA:349,0
DA:350,0
DA:351,0
DA:352,0
DA:353,0
DA:354,0
DA:355,0
DA:356,0
DA:358,0
DA:359,0
DA:360,0
DA:361,0
DA:362,0
DA:364,0
DA:365,0
DA:366,0
DA:367,0
DA:368,0
DA:369,0
DA:370,0
DA:372,1
DA:373,0
DA:374,0
DA:376,1
DA:377,0
DA:378,0
DA:379,0
DA:380,0
DA:381,0
DA:382,0
DA:383,0
DA:384,0
DA:385,0
DA:386,0
DA:387,0
DA:388,0
DA:389,0
DA:390,0
DA:391,0
DA:393,1
DA:394,0
DA:395,0
DA:398,0
DA:399,0
DA:400,0
DA:401,0
DA:402,0
DA:403,0
DA:404,0
DA:405,0
DA:406,0
DA:407,0
DA:408,0
DA:409,0
DA:410,0
DA:411,0
DA:412,0
DA:413,0
DA:414,0
DA:415,0
DA:416,0
DA:417,0
DA:418,0
DA:419,0
DA:420,0
DA:421,0
DA:422,0
DA:423,0
DA:425,1
DA:426,0
DA:427,0
DA:429,1
DA:430,0
DA:431,0
LF:307
LH:176
BRDA:32,0,0,0
BRDA:81,1,0,250
BRDA:83,2,0,246
BRDA:83,3,0,4
BRDA:84,4,0,1
BRDA:84,5,0,3
BRDA:85,6,0,2
BRDA:85,7,0,1
BRDA:88,8,0,0
BRDA:89,9,0,0
BRDA:94,10,0,1250
BRDA:96,11,0,10
BRDA:96,12,0,240
BRDA:100,13,0,128
BRDA:109,14,0,130
BRDA:113,15,0,2578
BRDA:118,16,0,30
BRDA:119,17,0,3
BRDA:119,18,0,27
BRDA:119,19,0,3
BRDA:122,20,0,12
BRDA:123,21,0,1
BRDA:123,22,0,11
BRDA:125,23,0,1
BRDA:125,24,0,1
BRDA:128,25,0,10
BRDA:128,26,0,9
BRDA:128,27,0,1
BRDA:131,28,0,9
BRDA:136,29,0,3
BRDA:164,30,0,7
BRDA:180,31,0,128
BRDA:180,32,0,127
BRDA:182,33,0,128
BRDA:184,34,0,0
BRDA:185,35,0,3
BRDA:185,36,0,2
BRDA:185,37,0,2
BRDA:185,38,0,126
BRDA:187,39,0,0
BRDA:188,40,0,101
BRDA:188,41,0,25
BRDA:189,42,0,1
BRDA:189,43,0,125
BRDA:193,44,0,25
BRDA:200,45,0,99
BRDA:200,46,0,99
BRDA:200,47,0,99
BRDA:203,48,0,27
BRDA:211,49,0,1
BRDA:211,50,0,26
BRDA:213,51,0,0
BRDA:214,52,0,0
BRDA:215,53,0,27
BRDA:218,54,0,0
BRDA:219,55,0,0
BRDA:220,56,0,27
BRDA:231,57,0,1
BRDA:232,58,0,0
BRDA:237,59,0,1
BRDA:240,60,0,0
BRDA:250,61,0,0
BRDA:254,62,0,7
BRDA:255,63,0,1
BRDA:255,64,0,6
BRDA:260,65,0,1
BRDA:268,66,0,1
BRDA:272,67,0,6
BRF:68
BRH:56
end_of_record
TN:
SF:src\app\lib\scoring.ts
FN:32,clampRating
FN:35,clamp01
FN:50,sanitizeRating
FN:80,pullUpRating
FN:87,applyRoundRating
FN:125,daysSince
FN:146,decayRating
FN:156,median
FN:163,mean
FN:172,coefficientOfVariation
FN:181,lapseRate
FN:449,erf
FN:464,percentileOf
FN:497,calcBrainAge
FNF:14
FNH:10
FNDA:15,clampRating
FNDA:9,clamp01
FNDA:24,sanitizeRating
FNDA:9,pullUpRating
FNDA:9,applyRoundRating
FNDA:6,daysSince
FNDA:6,decayRating
FNDA:0,median
FNDA:0,mean
FNDA:0,coefficientOfVariation
FNDA:0,lapseRate
FNDA:9,erf
FNDA:9,percentileOf
FNDA:7,calcBrainAge
DA:29,1
DA:30,1
DA:32,1
DA:33,15
DA:35,1
DA:48,1
DA:50,1
DA:51,24
DA:52,4
DA:53,4
DA:55,24
DA:56,5
DA:57,5
DA:58,15
DA:59,15
DA:64,1
DA:66,1
DA:68,1
DA:70,1
DA:80,1
DA:81,9
DA:82,9
DA:83,9
DA:84,9
DA:85,9
DA:87,1
DA:88,9
DA:89,9
DA:90,9
DA:91,9
DA:92,9
DA:94,9
DA:95,9
DA:96,7
DA:97,9
DA:98,9
DA:99,1
DA:100,1
DA:102,2
DA:103,2
DA:108,1
DA:110,1
DA:112,1
DA:114,1
DA:123,1
DA:125,1
DA:126,6
DA:127,6
DA:128,6
DA:129,6
DA:130,5
DA:131,6
DA:133,5
DA:134,5
DA:135,5
DA:136,5
DA:137,6
DA:138,5
DA:139,5
DA:146,1
DA:147,6
DA:148,6
DA:149,3
DA:150,3
DA:151,3
DA:152,3
DA:156,1
DA:157,0
DA:158,0
DA:159,0
DA:160,0
DA:161,0
DA:163,1
DA:164,0
DA:165,0
DA:172,1
DA:173,0
DA:174,0
DA:175,0
DA:176,0
DA:177,0
DA:178,0
DA:181,1
DA:182,0
DA:183,0
DA:184,0
DA:185,0
DA:186,0
DA:431,1
DA:433,1
DA:444,1
DA:446,1
DA:449,9
DA:450,9
DA:451,9
DA:452,9
DA:453,9
DA:454,9
DA:455,9
DA:456,9
DA:457,9
DA:458,9
DA:459,9
DA:460,9
DA:461,9
DA:464,1
DA:465,9
DA:466,9
DA:467,9
DA:468,9
DA:497,1
DA:498,7
DA:499,7
DA:500,7
DA:501,7
DA:502,7
DA:504,7
DA:505,1
DA:506,1
DA:507,1
DA:508,1
DA:509,1
DA:510,1
DA:512,5
DA:513,5
DA:516,5
DA:517,5
DA:519,5
DA:520,5
DA:521,5
DA:522,5
DA:523,5
DA:524,5
DA:525,5
DA:526,5
DA:527,5
DA:528,5
LF:137
LH:119
BRDA:32,0,0,15
BRDA:35,1,0,9
BRDA:50,2,0,24
BRDA:51,3,0,22
BRDA:51,4,0,21
BRDA:51,5,0,4
BRDA:53,6,0,20
BRDA:55,7,0,5
BRDA:56,8,0,2
BRDA:56,9,0,3
BRDA:57,10,0,15
BRDA:80,11,0,9
BRDA:87,12,0,9
BRDA:94,13,0,2
BRDA:94,14,0,7
BRDA:95,15,0,0
BRDA:95,16,0,7
BRDA:97,17,0,4
BRDA:97,18,0,3
BRDA:98,19,0,1
BRDA:100,20,0,2
BRDA:125,21,0,6
BRDA:129,22,0,1
BRDA:129,23,0,5
BRDA:131,24,0,0
BRDA:131,25,0,5
BRDA:137,26,0,0
BRDA:137,27,0,5
BRDA:146,28,0,6
BRDA:148,29,0,5
BRDA:148,30,0,3
BRDA:449,31,0,9
BRDA:450,32,0,2
BRDA:450,33,0,7
BRDA:464,34,0,9
BRDA:465,35,0,8
BRDA:465,36,0,1
BRDA:497,37,0,7
BRDA:502,38,0,6
BRDA:502,39,0,1
BRDA:502,40,0,6
BRDA:504,41,0,1
BRDA:510,42,0,5
BRF:43
BRH:40
end_of_record
TN:
SF:src\app\lib\xp.ts
FN:10,xpRequiredForLevel
FN:16,levelFromXp
FN:23,getLevelProgress
FN:42,getLevelTitle
FN:52,getLevelColor
FN:62,calculateRoundXp
FNF:6
FNH:6
FNDA:115,xpRequiredForLevel
FNDA:184,levelFromXp
FNDA:12,getLevelProgress
FNDA:12,getLevelTitle
FNDA:6,getLevelColor
FNDA:113,calculateRoundXp
DA:6,1
DA:10,1
DA:11,115
DA:12,115
DA:13,115
DA:16,1
DA:17,184
DA:18,184
DA:19,184
DA:20,184
DA:23,1
DA:24,12
DA:25,12
DA:26,12
DA:27,12
DA:28,12
DA:30,12
DA:31,12
DA:32,12
DA:33,12
DA:34,12
DA:35,12
DA:36,12
DA:37,12
DA:38,12
DA:39,12
DA:42,1
DA:43,12
DA:44,12
DA:45,12
DA:46,12
DA:47,12
DA:48,2
DA:49,2
DA:52,1
DA:53,6
DA:54,6
DA:55,6
DA:56,6
DA:57,6
DA:58,1
DA:59,1
DA:62,1
DA:63,113
DA:64,113
DA:65,113
DA:66,113
LF:47
LH:47
BRDA:10,0,0,115
BRDA:16,1,0,184
BRDA:23,2,0,12
BRDA:37,3,0,0
BRDA:42,4,0,12
BRDA:43,5,0,2
BRDA:43,6,0,10
BRDA:44,7,0,2
BRDA:44,8,0,8
BRDA:45,9,0,2
BRDA:45,10,0,6
BRDA:46,11,0,2
BRDA:46,12,0,4
BRDA:47,13,0,2
BRDA:52,14,0,6
BRDA:53,15,0,1
BRDA:53,16,0,5
BRDA:54,17,0,1
BRDA:54,18,0,4
BRDA:55,19,0,1
BRDA:55,20,0,3
BRDA:56,21,0,1
BRDA:56,22,0,2
BRDA:57,23,0,1
BRDA:62,24,0,113
BRF:25
BRH:24
end_of_record
TN:
SF:supabase\functions\_shared\anticheat.ts
FN:21,nums
FN:26,median
FN:33,mean
FN:36,cv
FN:46,flag
FN:52,inspectShared
FN:69,inspectReaction
FN:84,inspectSchulte
FN:96,inspectStroop
FN:108,inspectSudoku
FN:132,inspectMemory
FN:160,inspectSubThreshold
FN:176,inspectNBack
FN:188,inspectMath
FN:214,inspectGoNoGo
FN:253,inspectMental
FN:287,inspectCorsi
FN:318,inspectTrail
FN:369,inspectRound
FN:384,hasHardFlag
FN:388,softFlags
FNF:21
FNH:21
FNDA:121,nums
FNDA:4,median
FNDA:7,mean
FNDA:7,cv
FNDA:12,flag
FNDA:64,inspectShared
FNDA:10,inspectReaction
FNDA:5,inspectSchulte
FNDA:5,inspectStroop
FNDA:7,inspectSudoku
FNDA:7,inspectMemory
FNDA:64,inspectSubThreshold
FNDA:5,inspectNBack
FNDA:5,inspectMath
FNDA:5,inspectGoNoGo
FNDA:5,inspectMental
FNDA:5,inspectCorsi
FNDA:5,inspectTrail
FNDA:64,inspectRound
FNDA:17,hasHardFlag
FNDA:6,softFlags
DA:18,1
DA:19,1
DA:21,1
DA:22,121
DA:23,29
DA:24,92
DA:26,1
DA:27,4
DA:28,4
DA:29,4
DA:30,4
DA:31,4
DA:33,1
DA:34,7
DA:36,1
DA:37,7
DA:38,7
DA:39,7
DA:40,7
DA:41,7
DA:42,7
DA:43,7
DA:44,7
DA:46,1
DA:47,12
DA:48,12
DA:49,12
DA:50,12
DA:52,64
DA:53,64
DA:54,64
DA:55,64
DA:56,64
DA:57,64
DA:58,64
DA:59,1
DA:60,1
DA:61,1
DA:62,1
DA:63,1
DA:64,1
DA:65,1
DA:66,64
DA:67,64
DA:69,10
DA:70,10
DA:71,10
DA:72,4
DA:73,4
DA:74,4
DA:75,4
DA:76,10
DA:77,4
DA:78,10
DA:79,4
DA:80,10
DA:81,4
DA:82,4
DA:84,5
DA:85,5
DA:86,5
DA:87,0
DA:88,0
DA:89,0
DA:90,0
DA:91,0
DA:92,0
DA:93,0
DA:94,0
DA:96,5
DA:97,5
DA:98,5
DA:99,0
DA:100,0
DA:101,0
DA:102,0
DA:103,0
DA:104,0
DA:105,0
DA:106,0
DA:108,7
DA:109,7
DA:110,7
DA:111,7
DA:112,0
DA:113,0
DA:114,0
DA:115,0
DA:116,0
DA:117,0
DA:118,7
DA:119,7
DA:120,7
DA:121,7
DA:122,2
DA:123,2
DA:124,7
DA:125,2
DA:126,2
DA:127,2
DA:128,2
DA:129,7
DA:130,7
DA:132,7
DA:133,7
DA:136,7
DA:137,7
DA:138,2
DA:139,5
DA:141,7
DA:144,7
DA:149,2
DA:150,2
DA:151,2
DA:152,0
DA:153,0
DA:160,64
DA:161,64
DA:162,64
DA:163,16
DA:164,64
DA:166,2
DA:167,64
DA:168,2
DA:169,2
DA:170,2
DA:171,2
DA:172,2
DA:173,2
DA:174,2
DA:176,5
DA:177,5
DA:178,5
DA:179,0
DA:180,0
DA:181,0
DA:182,0
DA:183,0
DA:184,0
DA:185,0
DA:186,0
DA:188,5
DA:189,5
DA:190,5
DA:191,0
DA:192,0
DA:193,5
DA:194,5
DA:195,5
DA:196,5
DA:197,5
DA:198,0
DA:199,0
DA:200,0
DA:201,0
DA:202,0
DA:203,0
DA:204,0
DA:205,0
DA:206,5
DA:207,0
DA:208,0
DA:209,0
DA:210,0
DA:211,0
DA:212,0
DA:214,5
DA:215,5
DA:216,5
DA:217,5
DA:218,0
DA:220,0
DA:221,0
DA:222,0
DA:223,0
DA:224,0
DA:225,5
DA:226,5
DA:227,5
DA:228,5
DA:230,5
DA:231,5
DA:232,0
DA:233,0
DA:234,0
DA:235,0
DA:236,0
DA:237,0
DA:238,0
DA:239,0
DA:240,0
DA:241,5
DA:242,0
DA:243,0
DA:244,0
DA:245,0
DA:246,0
DA:247,0
DA:248,0
DA:249,0
DA:250,5
DA:251,5
DA:253,5
DA:254,5
DA:255,5
DA:256,5
DA:257,0
DA:259,0
DA:260,0
DA:261,0
DA:262,0
DA:263,0
DA:264,0
DA:265,0
DA:266,5
DA:267,5
DA:268,5
DA:269,5
DA:270,0
DA:271,0
DA:272,0
DA:273,0
DA:274,0
DA:275,5
DA:276,0
DA:277,0
DA:278,0
DA:279,0
DA:280,0
DA:281,0
DA:282,0
DA:283,0
DA:284,5
DA:285,5
DA:287,5
DA:288,5
DA:289,5
DA:290,5
DA:291,0
DA:293,0
DA:294,0
DA:295,0
DA:296,0
DA:297,0
DA:298,5
DA:299,5
DA:302,5
DA:303,5
DA:304,0
DA:305,0
DA:306,0
DA:307,5
DA:308,0
DA:309,0
DA:310,0
DA:311,0
DA:312,0
DA:313,0
DA:314,0
DA:315,5
DA:316,5
DA:318,5
DA:319,5
DA:320,5
DA:321,5
DA:322,0
DA:324,0
DA:325,0
DA:326,0
DA:327,0
DA:328,0
DA:329,0
DA:330,0
DA:331,5
DA:332,5
DA:333,5
DA:334,5
DA:335,5
DA:336,0
DA:337,0
DA:338,0
DA:339,0
DA:340,0
DA:341,5
DA:342,0
DA:343,0
DA:344,0
DA:345,0
DA:346,0
DA:347,0
DA:348,0
DA:349,5
DA:350,5
DA:355,1
DA:356,1
DA:357,1
DA:358,1
DA:359,1
DA:360,1
DA:361,1
DA:362,1
DA:363,1
DA:364,1
DA:365,1
DA:366,1
DA:367,1
DA:369,1
DA:370,64
DA:371,64
DA:372,64
DA:373,64
DA:374,64
DA:375,64
DA:376,64
DA:377,64
DA:378,64
DA:379,64
DA:380,64
DA:381,64
DA:382,64
DA:384,1
DA:385,17
DA:386,17
DA:388,1
DA:389,6
DA:390,6
LF:326
LH:198
BRDA:21,0,0,121
BRDA:22,1,0,29
BRDA:23,2,0,92
BRDA:23,3,0,161
BRDA:23,4,0,142
BRDA:26,5,0,4
BRDA:27,6,0,0
BRDA:30,7,0,0
BRDA:28,8,0,61
BRDA:33,9,0,7
BRDA:34,10,0,0
BRDA:34,11,0,90
BRDA:36,12,0,7
BRDA:37,13,0,0
BRDA:39,14,0,0
BRDA:41,15,0,90
BRDA:46,16,0,12
BRDA:52,17,0,64
BRDA:57,18,0,42
BRDA:58,19,0,8
BRDA:58,20,0,1
BRDA:69,21,0,10
BRDA:70,22,0,8
BRDA:71,23,0,6
BRDA:71,24,0,4
BRDA:76,25,0,0
BRDA:76,26,0,4
BRDA:78,27,0,2
BRDA:78,28,0,4
BRDA:80,29,0,3
BRDA:80,30,0,4
BRDA:84,31,0,5
BRDA:85,32,0,3
BRDA:86,33,0,0
BRDA:96,34,0,5
BRDA:97,35,0,3
BRDA:98,36,0,0
BRDA:108,37,0,7
BRDA:109,38,0,5
BRDA:111,39,0,0
BRDA:118,40,0,5
BRDA:119,41,0,5
BRDA:119,42,0,5
BRDA:121,43,0,2
BRDA:122,44,0,0
BRDA:122,45,0,2
BRDA:124,46,0,2
BRDA:132,47,0,7
BRDA:133,48,0,5
BRDA:136,49,0,5
BRDA:137,50,0,2
BRDA:138,51,0,5
BRDA:139,52,0,3
BRDA:141,53,0,2
BRDA:141,54,0,5
BRDA:141,55,0,2
BRDA:144,56,0,0
BRDA:144,57,0,2
BRDA:151,58,0,0
BRDA:160,59,0,64
BRDA:161,60,0,42
BRDA:162,61,0,48
BRDA:162,62,0,16
BRDA:164,63,0,14
BRDA:164,64,0,2
BRDA:167,65,0,0
BRDA:167,66,0,2
BRDA:163,67,0,63
BRDA:163,68,0,52
BRDA:176,69,0,5
BRDA:177,70,0,3
BRDA:178,71,0,0
BRDA:188,72,0,5
BRDA:189,73,0,3
BRDA:190,74,0,0
BRDA:194,75,0,0
BRDA:195,76,0,0
BRDA:195,77,0,0
BRDA:197,78,0,0
BRDA:202,79,0,0
BRDA:203,80,0,0
BRDA:204,81,0,0
BRDA:206,82,0,0
BRDA:214,83,0,5
BRDA:215,84,0,3
BRDA:217,85,0,0
BRDA:225,86,0,3
BRDA:226,87,0,3
BRDA:227,88,0,3
BRDA:228,89,0,3
BRDA:231,90,0,0
BRDA:232,91,0,0
BRDA:233,92,0,0
BRDA:234,93,0,0
BRDA:235,94,0,0
BRDA:236,95,0,0
BRDA:237,96,0,0
BRDA:238,97,0,0
BRDA:239,98,0,0
BRDA:241,99,0,0
BRDA:253,100,0,5
BRDA:254,101,0,3
BRDA:256,102,0,0
BRDA:266,103,0,3
BRDA:267,104,0,3
BRDA:269,105,0,0
BRDA:270,106,0,0
BRDA:271,107,0,0
BRDA:272,108,0,0
BRDA:273,109,0,0
BRDA:275,110,0,0
BRDA:287,111,0,5
BRDA:288,112,0,3
BRDA:290,113,0,0
BRDA:298,114,0,3
BRDA:299,115,0,3
BRDA:303,116,0,0
BRDA:304,117,0,0
BRDA:305,118,0,0
BRDA:307,119,0,0
BRDA:318,120,0,5
BRDA:319,121,0,3
BRDA:321,122,0,0
BRDA:331,123,0,3
BRDA:332,124,0,3
BRDA:333,125,0,3
BRDA:335,126,0,0
BRDA:336,127,0,0
BRDA:337,128,0,0
BRDA:338,129,0,0
BRDA:339,130,0,0
BRDA:341,131,0,0
BRDA:369,132,0,64
BRDA:384,133,0,17
BRDA:385,134,0,6
BRDA:388,135,0,6
BRDA:389,136,0,7
BRF:137
BRH:84
end_of_record
TN:
SF:supabase\functions\_shared\observability.ts
FN:62,scrubText
FN:75,fingerprintOf
FN:83,intOrNull
FN:95,scrubContext
FN:107,asSeverity
FN:115,sanitizeClientEvents
FN:173,setEventSink
FN:177,persistEvents
FN:190,newRequestId
FN:197,beginRequest
FN:207,requestIdFor
FN:211,emit
FN:229,logRequest
FN:288,logServerEvent
FN:345,createRateLimiter
FN:351,now
FN:355,allow
FN:374,size
FNF:18
FNH:9
FNDA:273,scrubText
FNDA:42,fingerprintOf
FNDA:108,intOrNull
FNDA:36,scrubContext
FNDA:36,asSeverity
FNDA:22,sanitizeClientEvents
FNDA:0,setEventSink
FNDA:0,persistEvents
FNDA:0,newRequestId
FNDA:0,beginRequest
FNDA:0,requestIdFor
FNDA:0,emit
FNDA:0,logRequest
FNDA:0,logServerEvent
FNDA:2,createRateLimiter
FNDA:0,now
FNDA:506,allow
FNDA:2,size
DA:19,1
DA:20,1
DA:21,1
DA:22,1
DA:23,1
DA:24,1
DA:25,1
DA:45,1
DA:46,1
DA:47,1
DA:49,1
DA:50,1
DA:51,1
DA:52,1
DA:53,1
DA:54,1
DA:55,1
DA:56,1
DA:57,1
DA:59,1
DA:60,1
DA:62,1
DA:63,273
DA:64,273
DA:65,273
DA:66,273
DA:67,273
DA:68,273
DA:69,273
DA:70,47
DA:71,273
DA:72,273
DA:73,273
DA:75,1
DA:76,42
DA:77,42
DA:78,42
DA:79,42
DA:80,42
DA:81,42
DA:83,108
DA:84,108
DA:85,108
DA:86,108
DA:87,108
DA:88,108
DA:89,108
DA:90,6
DA:91,108
DA:92,3
DA:93,3
DA:95,36
DA:96,36
DA:97,1
DA:98,36
DA:99,3
DA:100,3
DA:101,2
DA:102,1
DA:103,3
DA:104,1
DA:105,1
DA:107,36
DA:108,36
DA:109,36
DA:115,1
DA:116,22
DA:117,22
DA:118,22
DA:119,22
DA:120,22
DA:122,15
DA:123,22
DA:124,1
DA:125,14
DA:126,22
DA:128,22
DA:129,22
DA:130,38
DA:131,38
DA:132,38
DA:133,38
DA:135,36
DA:136,36
DA:137,36
DA:138,36
DA:139,36
DA:140,36
DA:142,38
DA:143,38
DA:144,38
DA:145,38
DA:146,38
DA:147,38
DA:148,38
DA:149,38
DA:150,38
DA:151,38
DA:152,38
DA:153,35
DA:154,0
DA:155,35
DA:156,38
DA:157,38
DA:158,38
DA:159,38
DA:160,38
DA:161,38
DA:162,38
DA:163,38
DA:164,15
DA:165,15
DA:171,1
DA:173,1
DA:174,0
DA:175,0
DA:177,1
DA:178,0
DA:179,0
DA:180,0
DA:181,0
DA:183,0
DA:184,0
DA:188,1
DA:190,1
DA:191,0
DA:192,0
DA:193,0
DA:194,0
DA:197,1
DA:198,0
DA:199,0
DA:200,0
DA:201,0
DA:202,0
DA:203,0
DA:204,0
DA:205,0
DA:207,1
DA:208,0
DA:209,0
DA:211,0
DA:212,0
DA:213,0
DA:214,0
DA:215,0
DA:216,0
DA:217,0
DA:229,1
DA:230,0
DA:231,0
DA:232,0
DA:233,0
DA:234,0
DA:235,0
DA:236,0
DA:237,0
DA:238,0
DA:239,0
DA:240,0
DA:241,0
DA:244,0
DA:245,0
DA:246,0
DA:247,0
DA:248,0
DA:249,0
DA:250,0
DA:251,0
DA:252,0
DA:253,0
DA:254,0
DA:255,0
DA:256,0
DA:257,0
DA:258,0
DA:259,0
DA:260,0
DA:261,0
DA:262,0
DA:263,0
DA:264,0
DA:265,0
DA:266,0
DA:267,0
DA:268,0
DA:269,0
DA:270,0
DA:288,1
DA:289,0
DA:290,0
DA:291,0
DA:292,0
DA:293,0
DA:294,0
DA:295,0
DA:296,0
DA:297,0
DA:298,0
DA:299,0
DA:300,0
DA:301,0
DA:302,0
DA:303,0
DA:305,0
DA:306,0
DA:307,0
DA:309,0
DA:310,0
DA:311,0
DA:312,0
DA:313,0
DA:314,0
DA:315,0
DA:316,0
DA:317,0
DA:318,0
DA:319,0
DA:320,0
DA:321,0
DA:322,0
DA:323,0
DA:324,0
DA:325,0
DA:326,0
DA:327,0
DA:328,0
DA:329,0
DA:330,0
DA:331,0
DA:345,1
DA:350,2
DA:351,2
DA:352,2
DA:354,2
DA:355,2
DA:356,506
DA:357,506
DA:358,506
DA:359,506
DA:360,1
DA:361,1
DA:362,1
DA:363,505
DA:364,505
DA:366,506
DA:367,450
DA:368,450
DA:369,450
DA:370,450
DA:371,450
DA:372,505
DA:373,506
DA:374,2
DA:375,2
DA:376,2
LF:256
LH:146
BRDA:62,0,0,273
BRDA:66,1,0,226
BRDA:66,2,0,47
BRDA:67,3,0,0
BRDA:69,4,0,188
BRDA:69,5,0,47
BRDA:71,6,0,2
BRDA:71,7,0,45
BRDA:72,8,0,6
BRDA:72,9,0,39
BRDA:75,10,0,42
BRDA:79,11,0,863
BRDA:83,12,0,108
BRDA:89,13,0,102
BRDA:89,14,0,6
BRDA:91,15,0,5
BRDA:91,16,0,3
BRDA:95,17,0,36
BRDA:96,18,0,4
BRDA:96,19,0,2
BRDA:96,20,0,35
BRDA:96,21,0,1
BRDA:98,22,0,3
BRDA:100,23,0,1
BRDA:100,24,0,1
BRDA:100,25,0,2
BRDA:101,26,0,1
BRDA:101,27,0,1
BRDA:103,28,0,1
BRDA:107,29,0,36
BRDA:108,30,0,1
BRDA:108,31,0,35
BRDA:115,32,0,22
BRDA:119,33,0,20
BRDA:120,34,0,7
BRDA:120,35,0,15
BRDA:123,36,0,2
BRDA:123,37,0,1
BRDA:124,38,0,14
BRDA:129,39,0,38
BRDA:130,40,0,0
BRDA:133,41,0,2
BRDA:133,42,0,36
BRDA:152,43,0,35
BRDA:153,44,0,0
BRDA:153,45,0,0
BRDA:160,46,0,35
BRDA:163,47,0,15
BRDA:345,48,0,2
BRDA:355,49,0,506
BRDA:358,50,0,502
BRDA:359,51,0,1
BRDA:362,52,0,505
BRDA:366,53,0,450
BRDA:371,54,0,505
BRDA:358,55,0,9
BRDA:368,56,0,450
BRDA:374,57,0,2
BRF:58
BRH:54
end_of_record
TN:
SF:supabase\functions\_shared\round-scoring.ts
FN:1,(empty-report)
FNF:1
FNH:0
FNDA:0,(empty-report)
DA:1,0
DA:2,0
DA:3,0
DA:4,0
DA:5,0
DA:6,0
DA:7,0
DA:8,0
DA:9,0
DA:10,0
DA:11,0
DA:12,0
DA:13,0
DA:14,0
DA:15,0
DA:16,0
DA:17,0
DA:18,0
DA:19,0
DA:20,0
DA:21,0
DA:22,0
DA:23,0
DA:24,0
DA:25,0
DA:26,0
DA:27,0
DA:28,0
DA:29,0
DA:30,0
DA:31,0
DA:32,0
DA:33,0
DA:34,0
DA:35,0
DA:36,0
DA:37,0
DA:38,0
DA:39,0
DA:40,0
DA:41,0
DA:42,0
DA:43,0
DA:44,0
DA:45,0
DA:46,0
DA:47,0
DA:48,0
DA:49,0
DA:50,0
DA:51,0
DA:52,0
DA:53,0
DA:54,0
DA:55,0
DA:56,0
DA:57,0
DA:58,0
DA:59,0
DA:60,0
DA:61,0
DA:62,0
DA:63,0
LF:63
LH:0
BRDA:1,0,0,0
BRF:1
BRH:0
end_of_record
TN:
SF:supabase\functions\_shared\scoring\advanced-games.ts
FN:1,(empty-report)
FNF:1
FNH:0
FNDA:0,(empty-report)
DA:1,0
DA:2,0
DA:3,0
DA:4,0
DA:5,0
DA:6,0
DA:7,0
DA:8,0
DA:9,0
DA:10,0
DA:11,0
DA:12,0
DA:13,0
DA:14,0
DA:15,0
DA:16,0
DA:17,0
DA:18,0
DA:19,0
DA:20,0
DA:21,0
DA:22,0
DA:23,0
DA:24,0
DA:25,0
DA:26,0
DA:27,0
DA:28,0
DA:29,0
DA:30,0
DA:31,0
DA:32,0
DA:33,0
DA:34,0
DA:35,0
DA:36,0
DA:37,0
DA:38,0
DA:39,0
DA:40,0
DA:41,0
DA:42,0
DA:43,0
DA:44,0
DA:45,0
DA:46,0
DA:47,0
DA:48,0
DA:49,0
DA:50,0
DA:51,0
DA:52,0
DA:53,0
DA:54,0
DA:55,0
DA:56,0
DA:57,0
DA:58,0
DA:59,0
DA:60,0
DA:61,0
DA:62,0
DA:63,0
DA:64,0
DA:65,0
DA:66,0
DA:67,0
DA:68,0
DA:69,0
DA:70,0
DA:71,0
DA:72,0
DA:73,0
DA:74,0
DA:75,0
DA:76,0
DA:77,0
DA:78,0
DA:79,0
DA:80,0
DA:81,0
DA:82,0
DA:83,0
DA:84,0
DA:85,0
DA:86,0
DA:87,0
DA:88,0
DA:89,0
DA:90,0
DA:91,0
DA:92,0
DA:93,0
DA:94,0
DA:95,0
DA:96,0
DA:97,0
DA:98,0
DA:99,0
DA:100,0
DA:101,0
DA:102,0
DA:103,0
DA:104,0
DA:105,0
DA:106,0
DA:107,0
DA:108,0
DA:109,0
DA:110,0
DA:111,0
DA:112,0
DA:113,0
DA:114,0
DA:115,0
DA:116,0
DA:117,0
DA:118,0
DA:119,0
DA:120,0
DA:121,0
DA:122,0
DA:123,0
DA:124,0
DA:125,0
DA:126,0
DA:127,0
DA:128,0
DA:129,0
DA:130,0
DA:131,0
DA:132,0
DA:133,0
DA:134,0
DA:135,0
DA:136,0
DA:137,0
DA:138,0
DA:139,0
DA:140,0
DA:141,0
DA:142,0
DA:143,0
DA:144,0
DA:145,0
DA:146,0
DA:147,0
DA:148,0
DA:149,0
DA:150,0
DA:151,0
DA:152,0
DA:153,0
DA:154,0
DA:155,0
DA:156,0
DA:157,0
DA:158,0
DA:159,0
DA:160,0
DA:161,0
DA:162,0
DA:163,0
DA:164,0
DA:165,0
DA:166,0
DA:167,0
DA:168,0
DA:169,0
DA:170,0
DA:171,0
DA:172,0
DA:173,0
DA:174,0
DA:175,0
DA:176,0
DA:177,0
DA:178,0
DA:179,0
DA:180,0
DA:181,0
DA:182,0
DA:183,0
DA:184,0
DA:185,0
DA:186,0
DA:187,0
DA:188,0
DA:189,0
DA:190,0
DA:191,0
DA:192,0
DA:193,0
DA:194,0
DA:195,0
DA:196,0
DA:197,0
DA:198,0
DA:199,0
DA:200,0
DA:201,0
DA:202,0
DA:203,0
DA:204,0
DA:205,0
DA:206,0
DA:207,0
DA:208,0
DA:209,0
DA:210,0
DA:211,0
DA:212,0
DA:213,0
DA:214,0
DA:215,0
DA:216,0
DA:217,0
DA:218,0
DA:219,0
DA:220,0
DA:221,0
DA:222,0
DA:223,0
DA:224,0
DA:225,0
DA:226,0
DA:227,0
DA:228,0
DA:229,0
DA:230,0
DA:231,0
DA:232,0
DA:233,0
DA:234,0
DA:235,0
DA:236,0
DA:237,0
DA:238,0
DA:239,0
DA:240,0
DA:241,0
DA:242,0
DA:243,0
DA:244,0
DA:245,0
DA:246,0
DA:247,0
DA:248,0
DA:249,0
DA:250,0
DA:251,0
DA:252,0
DA:253,0
DA:254,0
DA:255,0
DA:256,0
DA:257,0
DA:258,0
DA:259,0
DA:260,0
DA:261,0
DA:262,0
DA:263,0
DA:264,0
DA:265,0
DA:266,0
DA:267,0
DA:268,0
DA:269,0
DA:270,0
DA:271,0
DA:272,0
DA:273,0
DA:274,0
DA:275,0
DA:276,0
DA:277,0
DA:278,0
DA:279,0
DA:280,0
DA:281,0
DA:282,0
DA:283,0
DA:284,0
DA:285,0
DA:286,0
DA:287,0
DA:288,0
DA:289,0
DA:290,0
DA:291,0
DA:292,0
DA:293,0
DA:294,0
DA:295,0
DA:296,0
DA:297,0
DA:298,0
DA:299,0
DA:300,0
LF:300
LH:0
BRDA:1,0,0,0
BRF:1
BRH:0
end_of_record
TN:
SF:supabase\functions\_shared\scoring\core.ts
FN:1,(empty-report)
FNF:1
FNH:0
FNDA:0,(empty-report)
DA:1,0
DA:2,0
DA:3,0
DA:4,0
DA:5,0
DA:6,0
DA:7,0
DA:8,0
DA:9,0
DA:10,0
DA:11,0
DA:12,0
DA:13,0
DA:14,0
DA:15,0
DA:16,0
DA:17,0
DA:18,0
DA:19,0
DA:20,0
DA:21,0
DA:22,0
DA:23,0
DA:24,0
DA:25,0
DA:26,0
DA:27,0
DA:28,0
DA:29,0
DA:30,0
DA:31,0
DA:32,0
DA:33,0
DA:34,0
DA:35,0
DA:36,0
DA:37,0
DA:38,0
DA:39,0
DA:40,0
DA:41,0
DA:42,0
DA:43,0
DA:44,0
DA:45,0
DA:46,0
DA:47,0
DA:48,0
DA:49,0
DA:50,0
DA:51,0
DA:52,0
DA:53,0
DA:54,0
DA:55,0
DA:56,0
DA:57,0
DA:58,0
DA:59,0
DA:60,0
DA:61,0
DA:62,0
DA:63,0
DA:64,0
DA:65,0
DA:66,0
DA:67,0
DA:68,0
DA:69,0
DA:70,0
DA:71,0
DA:72,0
DA:73,0
DA:74,0
DA:75,0
DA:76,0
DA:77,0
DA:78,0
DA:79,0
DA:80,0
DA:81,0
DA:82,0
DA:83,0
DA:84,0
DA:85,0
DA:86,0
DA:87,0
DA:88,0
DA:89,0
DA:90,0
DA:91,0
DA:92,0
DA:93,0
DA:94,0
DA:95,0
DA:96,0
DA:97,0
DA:98,0
DA:99,0
DA:100,0
DA:101,0
DA:102,0
DA:103,0
DA:104,0
DA:105,0
DA:106,0
DA:107,0
DA:108,0
DA:109,0
DA:110,0
DA:111,0
DA:112,0
DA:113,0
DA:114,0
DA:115,0
DA:116,0
DA:117,0
DA:118,0
DA:119,0
DA:120,0
DA:121,0
DA:122,0
DA:123,0
DA:124,0
DA:125,0
DA:126,0
DA:127,0
DA:128,0
DA:129,0
DA:130,0
DA:131,0
DA:132,0
DA:133,0
DA:134,0
DA:135,0
DA:136,0
DA:137,0
DA:138,0
DA:139,0
DA:140,0
DA:141,0
DA:142,0
DA:143,0
DA:144,0
DA:145,0
DA:146,0
DA:147,0
DA:148,0
DA:149,0
DA:150,0
DA:151,0
DA:152,0
DA:153,0
DA:154,0
DA:155,0
DA:156,0
DA:157,0
DA:158,0
DA:159,0
DA:160,0
DA:161,0
DA:162,0
DA:163,0
DA:164,0
DA:165,0
DA:166,0
DA:167,0
DA:168,0
DA:169,0
DA:170,0
DA:171,0
DA:172,0
DA:173,0
DA:174,0
DA:175,0
DA:176,0
DA:177,0
DA:178,0
DA:179,0
DA:180,0
DA:181,0
DA:182,0
DA:183,0
DA:184,0
DA:185,0
DA:186,0
DA:187,0
DA:188,0
DA:189,0
DA:190,0
DA:191,0
DA:192,0
DA:193,0
DA:194,0
DA:195,0
DA:196,0
DA:197,0
DA:198,0
DA:199,0
DA:200,0
DA:201,0
DA:202,0
DA:203,0
DA:204,0
LF:204
LH:0
BRDA:1,0,0,0
BRF:1
BRH:0
end_of_record
TN:
SF:supabase\functions\_shared\scoring\standard-games.ts
FN:1,(empty-report)
FNF:1
FNH:0
FNDA:0,(empty-report)
DA:1,0
DA:2,0
DA:3,0
DA:4,0
DA:5,0
DA:6,0
DA:7,0
DA:8,0
DA:9,0
DA:10,0
DA:11,0
DA:12,0
DA:13,0
DA:14,0
DA:15,0
DA:16,0
DA:17,0
DA:18,0
DA:19,0
DA:20,0
DA:21,0
DA:22,0
DA:23,0
DA:24,0
DA:25,0
DA:26,0
DA:27,0
DA:28,0
DA:29,0
DA:30,0
DA:31,0
DA:32,0
DA:33,0
DA:34,0
DA:35,0
DA:36,0
DA:37,0
DA:38,0
DA:39,0
DA:40,0
DA:41,0
DA:42,0
DA:43,0
DA:44,0
DA:45,0
DA:46,0
DA:47,0
DA:48,0
DA:49,0
DA:50,0
DA:51,0
DA:52,0
DA:53,0
DA:54,0
DA:55,0
DA:56,0
DA:57,0
DA:58,0
DA:59,0
DA:60,0
DA:61,0
DA:62,0
DA:63,0
DA:64,0
DA:65,0
DA:66,0
DA:67,0
DA:68,0
DA:69,0
DA:70,0
DA:71,0
DA:72,0
DA:73,0
DA:74,0
DA:75,0
DA:76,0
DA:77,0
DA:78,0
DA:79,0
DA:80,0
DA:81,0
DA:82,0
DA:83,0
DA:84,0
DA:85,0
DA:86,0
DA:87,0
DA:88,0
DA:89,0
DA:90,0
DA:91,0
DA:92,0
DA:93,0
DA:94,0
DA:95,0
DA:96,0
DA:97,0
DA:98,0
DA:99,0
DA:100,0
DA:101,0
DA:102,0
DA:103,0
DA:104,0
DA:105,0
DA:106,0
DA:107,0
DA:108,0
DA:109,0
DA:110,0
DA:111,0
DA:112,0
DA:113,0
DA:114,0
DA:115,0
DA:116,0
DA:117,0
DA:118,0
DA:119,0
DA:120,0
DA:121,0
DA:122,0
DA:123,0
DA:124,0
DA:125,0
DA:126,0
DA:127,0
DA:128,0
DA:129,0
DA:130,0
DA:131,0
DA:132,0
DA:133,0
DA:134,0
DA:135,0
DA:136,0
DA:137,0
DA:138,0
DA:139,0
DA:140,0
DA:141,0
DA:142,0
DA:143,0
DA:144,0
DA:145,0
DA:146,0
DA:147,0
DA:148,0
DA:149,0
DA:150,0
DA:151,0
DA:152,0
DA:153,0
DA:154,0
DA:155,0
DA:156,0
DA:157,0
DA:158,0
DA:159,0
DA:160,0
DA:161,0
DA:162,0
DA:163,0
DA:164,0
DA:165,0
DA:166,0
DA:167,0
DA:168,0
DA:169,0
DA:170,0
DA:171,0
DA:172,0
DA:173,0
DA:174,0
DA:175,0
DA:176,0
DA:177,0
DA:178,0
DA:179,0
DA:180,0
DA:181,0
DA:182,0
DA:183,0
DA:184,0
DA:185,0
DA:186,0
DA:187,0
DA:188,0
DA:189,0
DA:190,0
DA:191,0
DA:192,0
DA:193,0
DA:194,0
DA:195,0
DA:196,0
DA:197,0
DA:198,0
DA:199,0
DA:200,0
DA:201,0
DA:202,0
DA:203,0
DA:204,0
DA:205,0
DA:206,0
DA:207,0
DA:208,0
DA:209,0
DA:210,0
DA:211,0
DA:212,0
DA:213,0
DA:214,0
DA:215,0
DA:216,0
DA:217,0
DA:218,0
DA:219,0
DA:220,0
DA:221,0
DA:222,0
DA:223,0
DA:224,0
DA:225,0
DA:226,0
DA:227,0
DA:228,0
DA:229,0
DA:230,0
DA:231,0
DA:232,0
DA:233,0
DA:234,0
DA:235,0
DA:236,0
DA:237,0
DA:238,0
DA:239,0
DA:240,0
DA:241,0
DA:242,0
DA:243,0
DA:244,0
DA:245,0
DA:246,0
DA:247,0
DA:248,0
DA:249,0
DA:250,0
DA:251,0
DA:252,0
DA:253,0
DA:254,0
DA:255,0
DA:256,0
DA:257,0
DA:258,0
DA:259,0
DA:260,0
DA:261,0
DA:262,0
DA:263,0
DA:264,0
DA:265,0
DA:266,0
DA:267,0
DA:268,0
DA:269,0
DA:270,0
DA:271,0
DA:272,0
DA:273,0
DA:274,0
DA:275,0
DA:276,0
DA:277,0
DA:278,0
DA:279,0
DA:280,0
DA:281,0
DA:282,0
DA:283,0
DA:284,0
DA:285,0
DA:286,0
DA:287,0
DA:288,0
DA:289,0
DA:290,0
DA:291,0
DA:292,0
DA:293,0
DA:294,0
DA:295,0
DA:296,0
DA:297,0
DA:298,0
DA:299,0
DA:300,0
DA:301,0
DA:302,0
DA:303,0
DA:304,0
DA:305,0
DA:306,0
DA:307,0
DA:308,0
DA:309,0
DA:310,0
DA:311,0
DA:312,0
DA:313,0
DA:314,0
DA:315,0
DA:316,0
DA:317,0
DA:318,0
DA:319,0
DA:320,0
DA:321,0
DA:322,0
DA:323,0
DA:324,0
DA:325,0
DA:326,0
DA:327,0
DA:328,0
DA:329,0
DA:330,0
DA:331,0
DA:332,0
DA:333,0
DA:334,0
DA:335,0
DA:336,0
DA:337,0
DA:338,0
DA:339,0
DA:340,0
DA:341,0
DA:342,0
DA:343,0
DA:344,0
DA:345,0
DA:346,0
DA:347,0
DA:348,0
DA:349,0
DA:350,0
DA:351,0
DA:352,0
DA:353,0
DA:354,0
DA:355,0
DA:356,0
DA:357,0
DA:358,0
DA:359,0
DA:360,0
DA:361,0
DA:362,0
DA:363,0
DA:364,0
DA:365,0
DA:366,0
DA:367,0
DA:368,0
DA:369,0
DA:370,0
LF:370
LH:0
BRDA:1,0,0,0
BRF:1
BRH:0
end_of_record
TN:
SF:supabase\functions\_shared\scoring\validation.ts
FN:8,assertRtBounds
FN:31,assertCountBounds
FN:33,num
FN:37,nonNeg
FNF:4
FNH:4
FNDA:18,assertRtBounds
FNDA:34,assertCountBounds
FNDA:738,num
FNDA:628,nonNeg
DA:5,1
DA:6,1
DA:8,1
DA:9,18
DA:10,18
DA:11,18
DA:12,18
DA:13,18
DA:14,18
DA:15,18
DA:16,14
DA:17,18
DA:18,5029
DA:19,5029
DA:20,5026
DA:21,5029
DA:22,5024
DA:23,5029
DA:24,5023
DA:25,5023
DA:27,8
DA:28,18
DA:29,18
DA:31,1
DA:32,34
DA:33,34
DA:34,738
DA:35,738
DA:36,738
DA:37,34
DA:38,628
DA:39,628
DA:40,628
DA:41,34
DA:42,34
DA:43,34
DA:44,34
DA:45,34
DA:46,34
DA:47,34
DA:48,34
DA:49,34
DA:50,34
DA:51,34
DA:52,34
DA:53,34
DA:54,34
DA:55,34
DA:56,34
DA:57,34
DA:58,34
DA:59,34
DA:60,34
DA:61,34
DA:62,34
DA:64,34
DA:66,34
DA:67,6
DA:68,6
DA:69,6
DA:70,6
DA:71,6
DA:72,6
DA:73,6
DA:74,6
DA:75,6
DA:76,6
DA:77,6
DA:78,6
DA:79,6
DA:81,34
DA:82,3
DA:83,3
DA:84,3
DA:85,3
DA:86,3
DA:87,3
DA:88,3
DA:89,3
DA:91,34
DA:92,3
DA:93,3
DA:94,3
DA:95,3
DA:96,3
DA:97,3
DA:98,3
DA:100,34
DA:101,5
DA:102,5
DA:103,5
DA:104,5
DA:105,5
DA:106,5
DA:107,5
DA:108,2
DA:109,2
DA:110,2
DA:112,5
DA:113,5
DA:114,5
DA:115,5
DA:116,5
DA:117,5
DA:118,5
DA:119,5
DA:121,34
DA:122,3
DA:123,3
DA:124,3
DA:125,3
DA:126,3
DA:127,2
DA:128,2
DA:129,2
DA:131,3
DA:132,3
DA:133,3
DA:134,3
DA:136,34
DA:137,5
DA:138,5
DA:139,5
DA:140,5
DA:141,5
DA:142,5
DA:143,5
DA:145,5
DA:146,5
DA:147,5
DA:148,5
DA:150,5
DA:151,5
DA:152,5
DA:153,5
DA:154,5
DA:156,34
DA:157,6
DA:158,6
DA:159,6
DA:160,6
DA:161,6
DA:162,6
DA:163,6
DA:165,6
DA:166,6
DA:167,6
DA:168,6
DA:169,6
DA:170,34
LF:150
LH:150
BRDA:8,0,0,18
BRDA:13,1,0,2
BRDA:13,2,0,16
BRDA:14,3,0,1
BRDA:14,4,0,15
BRDA:15,5,0,1
BRDA:15,6,0,14
BRDA:17,7,0,5029
BRDA:18,8,0,5028
BRDA:19,9,0,3
BRDA:19,10,0,5026
BRDA:21,11,0,2
BRDA:21,12,0,5024
BRDA:23,13,0,1
BRDA:23,14,0,5023
BRDA:25,15,0,8
BRDA:28,16,0,2
BRDA:31,17,0,34
BRDA:32,18,0,0
BRDA:62,19,0,628
BRDA:62,20,0,32
BRDA:64,21,0,5
BRDA:64,22,0,27
BRDA:66,23,0,6
BRDA:71,24,0,5
BRDA:71,25,0,3
BRDA:72,26,0,1
BRDA:72,27,0,5
BRDA:73,28,0,2
BRDA:73,29,0,2
BRDA:74,30,0,1
BRDA:74,31,0,4
BRDA:75,32,0,3
BRDA:75,33,0,2
BRDA:76,34,0,1
BRDA:76,35,0,3
BRDA:77,36,0,2
BRDA:77,37,0,2
BRDA:78,38,0,1
BRDA:79,39,0,28
BRDA:81,40,0,3
BRDA:85,41,0,1
BRDA:85,42,0,1
BRDA:85,43,0,1
BRDA:86,44,0,1
BRDA:86,45,0,2
BRDA:87,46,0,1
BRDA:87,47,0,1
BRDA:88,48,0,1
BRDA:89,49,0,26
BRDA:91,50,0,3
BRDA:94,51,0,2
BRDA:94,52,0,1
BRDA:95,53,0,1
BRDA:95,54,0,2
BRDA:96,55,0,1
BRDA:96,56,0,1
BRDA:97,57,0,1
BRDA:98,58,0,24
BRDA:100,59,0,5
BRDA:107,60,0,2
BRDA:108,61,0,2
BRDA:109,62,0,2
BRDA:112,63,0,1
BRDA:112,64,0,4
BRDA:113,65,0,2
BRDA:113,66,0,2
BRDA:114,67,0,1
BRDA:114,68,0,3
BRDA:115,69,0,2
BRDA:115,70,0,2
BRDA:116,71,0,1
BRDA:116,72,0,2
BRDA:117,73,0,1
BRDA:117,74,0,0
BRDA:118,75,0,0
BRDA:119,76,0,21
BRDA:121,77,0,3
BRDA:126,78,0,2
BRDA:127,79,0,2
BRDA:128,80,0,2
BRDA:131,81,0,1
BRDA:131,82,0,2
BRDA:132,83,0,1
BRDA:132,84,0,0
BRDA:133,85,0,0
BRDA:134,86,0,20
BRDA:136,87,0,5
BRDA:142,88,0,2
BRDA:142,89,0,2
BRDA:143,90,0,1
BRDA:143,91,0,4
BRDA:145,92,0,1
BRDA:145,93,0,1
BRDA:146,94,0,0
BRDA:146,95,0,4
BRDA:147,96,0,2
BRDA:147,97,0,0
BRDA:148,98,0,0
BRDA:148,99,0,4
BRDA:150,100,0,3
BRDA:151,101,0,1
BRDA:151,102,0,3
BRDA:152,103,0,2
BRDA:152,104,0,2
BRDA:153,105,0,1
BRDA:154,106,0,17
BRDA:156,107,0,6
BRDA:160,108,0,2
BRDA:160,109,0,2
BRDA:161,110,0,1
BRDA:161,111,0,5
BRDA:162,112,0,4
BRDA:163,113,0,1
BRDA:163,114,0,4
BRDA:165,115,0,3
BRDA:165,116,0,1
BRDA:166,117,0,1
BRDA:166,118,0,3
BRDA:167,119,0,2
BRDA:167,120,0,1
BRDA:168,121,0,1
BRDA:33,122,0,738
BRDA:35,123,0,106
BRDA:35,124,0,106
BRDA:35,125,0,632
BRDA:37,126,0,628
BRDA:39,127,0,53
BRDA:39,128,0,2
BRF:129
BRH:121
end_of_record
